2019-09-16 21:18:59,703  WARN [org.apache.hadoop.conf.Configuration] - Unexpected tag in conf file hdfs-site.xml: expected <property> but found <value>
2019-09-16 21:37:30,839  WARN [org.apache.hadoop.conf.Configuration] - Unexpected tag in conf file hdfs-site.xml: expected <property> but found <value>
2019-09-16 21:40:02,146  WARN [org.apache.hadoop.conf.Configuration] - Unexpected tag in conf file hdfs-site.xml: expected <property> but found <value>
2019-09-16 22:34:11,283  WARN [org.apache.hadoop.conf.Configuration] - Unexpected tag in conf file hdfs-site.xml: expected <property> but found <value>
2019-09-17 09:55:35,615  WARN [org.apache.hadoop.conf.Configuration] - Unexpected tag in conf file hdfs-site.xml: expected <property> but found <value>
2019-09-17 09:55:37,229  WARN [org.apache.hadoop.conf.Configuration] - Unexpected tag in conf file hdfs-site.xml: expected <property> but found <value>
2019-09-17 10:04:19,318  WARN [org.apache.hadoop.conf.Configuration] - Unexpected tag in conf file hdfs-site.xml: expected <property> but found <value>
2019-09-17 10:04:19,468  WARN [org.apache.hadoop.conf.Configuration] - Unexpected tag in conf file hdfs-site.xml: expected <property> but found <value>
2019-09-17 10:04:19,517  INFO [org.apache.hadoop.conf.Configuration.deprecation] - session.id is deprecated. Instead, use dfs.metrics.session-id
2019-09-17 10:04:19,518  INFO [org.apache.hadoop.metrics.jvm.JvmMetrics] - Initializing JVM Metrics with processName=JobTracker, sessionId=
2019-09-17 10:04:21,149  WARN [org.apache.hadoop.mapreduce.JobResourceUploader] - Hadoop command-line option parsing not performed. Implement the Tool interface and execute your application with ToolRunner to remedy this.
2019-09-17 10:04:21,431  WARN [org.apache.hadoop.conf.Configuration] - Unexpected tag in conf file hdfs-site.xml: expected <property> but found <value>
2019-09-17 10:04:21,435  WARN [org.apache.hadoop.mapreduce.JobResourceUploader] - No job jar file set.  User classes may not be found. See Job or Job#setJar(String).
2019-09-17 10:04:21,470  INFO [org.apache.hadoop.mapreduce.lib.input.FileInputFormat] - Total input paths to process : 1
2019-09-17 10:04:21,593  INFO [org.apache.hadoop.mapreduce.JobSubmitter] - number of splits:2
2019-09-17 10:04:22,322  INFO [org.apache.hadoop.mapreduce.JobSubmitter] - Submitting tokens for job: job_local1141564770_0001
2019-09-17 10:04:22,386  WARN [org.apache.hadoop.conf.Configuration] - Unexpected tag in conf file hdfs-site.xml: expected <property> but found <value>
2019-09-17 10:04:22,520  WARN [org.apache.hadoop.conf.Configuration] - Unexpected tag in conf file hdfs-site.xml: expected <property> but found <value>
2019-09-17 10:04:22,726  WARN [org.apache.hadoop.conf.Configuration] - Unexpected tag in conf file hdfs-site.xml: expected <property> but found <value>
2019-09-17 10:04:22,767  INFO [org.apache.hadoop.mapreduce.Job] - The url to track the job: http://localhost:8080/
2019-09-17 10:04:22,768  INFO [org.apache.hadoop.mapreduce.Job] - Running job: job_local1141564770_0001
2019-09-17 10:04:22,775  INFO [org.apache.hadoop.mapred.LocalJobRunner] - OutputCommitter set in config null
2019-09-17 10:04:22,783  INFO [org.apache.hadoop.mapreduce.lib.output.FileOutputCommitter] - File Output Committer Algorithm version is 1
2019-09-17 10:04:22,784  INFO [org.apache.hadoop.mapred.LocalJobRunner] - OutputCommitter is org.apache.hadoop.mapreduce.lib.output.FileOutputCommitter
2019-09-17 10:04:22,966  WARN [org.apache.hadoop.conf.Configuration] - Unexpected tag in conf file hdfs-site.xml: expected <property> but found <value>
2019-09-17 10:04:22,995  INFO [org.apache.hadoop.mapred.LocalJobRunner] - Waiting for map tasks
2019-09-17 10:04:22,997  INFO [org.apache.hadoop.mapred.LocalJobRunner] - Starting task: attempt_local1141564770_0001_m_000000_0
2019-09-17 10:04:23,128  INFO [org.apache.hadoop.mapreduce.lib.output.FileOutputCommitter] - File Output Committer Algorithm version is 1
2019-09-17 10:04:23,141  INFO [org.apache.hadoop.yarn.util.ProcfsBasedProcessTree] - ProcfsBasedProcessTree currently is supported only on Linux.
2019-09-17 10:04:23,771  INFO [org.apache.hadoop.mapreduce.Job] - Job job_local1141564770_0001 running in uber mode : false
2019-09-17 10:04:24,446  INFO [org.apache.hadoop.mapreduce.Job] -  map 0% reduce 0%
2019-09-17 10:04:28,364  INFO [org.apache.hadoop.mapred.Task] -  Using ResourceCalculatorProcessTree : org.apache.hadoop.yarn.util.WindowsBasedProcessTree@42d7d860
2019-09-17 10:04:28,371  INFO [org.apache.hadoop.mapred.MapTask] - Processing split: file:/D:/rating.json:0+33554432
2019-09-17 10:04:28,467  INFO [org.apache.hadoop.mapred.MapTask] - (EQUATOR) 0 kvi 26214396(104857584)
2019-09-17 10:04:28,467  INFO [org.apache.hadoop.mapred.MapTask] - mapreduce.task.io.sort.mb: 100
2019-09-17 10:04:28,467  INFO [org.apache.hadoop.mapred.MapTask] - soft limit at 83886080
2019-09-17 10:04:28,467  INFO [org.apache.hadoop.mapred.MapTask] - bufstart = 0; bufvoid = 104857600
2019-09-17 10:04:28,467  INFO [org.apache.hadoop.mapred.MapTask] - kvstart = 26214396; length = 6553600
2019-09-17 10:04:28,615  INFO [org.apache.hadoop.mapred.MapTask] - Map output collector class = org.apache.hadoop.mapred.MapTask$MapOutputBuffer
2019-09-17 10:04:31,373  INFO [org.apache.hadoop.mapred.LocalJobRunner] - 
2019-09-17 10:04:31,373  INFO [org.apache.hadoop.mapred.MapTask] - Starting flush of map output
2019-09-17 10:04:31,373  INFO [org.apache.hadoop.mapred.MapTask] - Spilling map output
2019-09-17 10:04:31,373  INFO [org.apache.hadoop.mapred.MapTask] - bufstart = 0; bufend = 15438679; bufvoid = 104857600
2019-09-17 10:04:31,373  INFO [org.apache.hadoop.mapred.MapTask] - kvstart = 26214396(104857584); kvend = 24163312(96653248); length = 2051085/6553600
2019-09-17 10:04:32,458  INFO [org.apache.hadoop.mapred.MapTask] - Finished spill 0
2019-09-17 10:04:32,469  INFO [org.apache.hadoop.mapred.Task] - Task:attempt_local1141564770_0001_m_000000_0 is done. And is in the process of committing
2019-09-17 10:04:32,527  INFO [org.apache.hadoop.mapred.LocalJobRunner] - map
2019-09-17 10:04:32,527  INFO [org.apache.hadoop.mapred.Task] - Task 'attempt_local1141564770_0001_m_000000_0' done.
2019-09-17 10:04:32,530  INFO [org.apache.hadoop.mapred.Task] - Final Counters for attempt_local1141564770_0001_m_000000_0: Counters: 17
	File System Counters
		FILE: Number of bytes read=33558773
		FILE: Number of bytes written=16775176
		FILE: Number of read operations=0
		FILE: Number of large read operations=0
		FILE: Number of write operations=0
	Map-Reduce Framework
		Map input records=512772
		Map output records=512772
		Map output bytes=15438679
		Map output materialized bytes=16464229
		Input split bytes=85
		Combine input records=0
		Spilled Records=512772
		Failed Shuffles=0
		Merged Map outputs=0
		GC time elapsed (ms)=49
		Total committed heap usage (bytes)=206569472
	File Input Format Counters 
		Bytes Read=33558528
2019-09-17 10:04:32,530  INFO [org.apache.hadoop.mapred.LocalJobRunner] - Finishing task: attempt_local1141564770_0001_m_000000_0
2019-09-17 10:04:32,531  INFO [org.apache.hadoop.mapred.LocalJobRunner] - Starting task: attempt_local1141564770_0001_m_000001_0
2019-09-17 10:04:32,535  INFO [org.apache.hadoop.mapreduce.lib.output.FileOutputCommitter] - File Output Committer Algorithm version is 1
2019-09-17 10:04:32,538  INFO [org.apache.hadoop.yarn.util.ProcfsBasedProcessTree] - ProcfsBasedProcessTree currently is supported only on Linux.
2019-09-17 10:04:33,334  INFO [org.apache.hadoop.mapred.Task] -  Using ResourceCalculatorProcessTree : org.apache.hadoop.yarn.util.WindowsBasedProcessTree@75c5f34a
2019-09-17 10:04:33,337  INFO [org.apache.hadoop.mapred.MapTask] - Processing split: file:/D:/rating.json:33554432+32048203
2019-09-17 10:04:33,421  INFO [org.apache.hadoop.mapred.MapTask] - (EQUATOR) 0 kvi 26214396(104857584)
2019-09-17 10:04:33,421  INFO [org.apache.hadoop.mapred.MapTask] - mapreduce.task.io.sort.mb: 100
2019-09-17 10:04:33,421  INFO [org.apache.hadoop.mapred.MapTask] - soft limit at 83886080
2019-09-17 10:04:33,421  INFO [org.apache.hadoop.mapred.MapTask] - bufstart = 0; bufvoid = 104857600
2019-09-17 10:04:33,421  INFO [org.apache.hadoop.mapred.MapTask] - kvstart = 26214396; length = 6553600
2019-09-17 10:04:33,422  INFO [org.apache.hadoop.mapred.MapTask] - Map output collector class = org.apache.hadoop.mapred.MapTask$MapOutputBuffer
2019-09-17 10:04:33,567  INFO [org.apache.hadoop.mapreduce.Job] -  map 100% reduce 0%
2019-09-17 10:04:37,257  INFO [org.apache.hadoop.mapred.LocalJobRunner] - 
2019-09-17 10:04:37,257  INFO [org.apache.hadoop.mapred.MapTask] - Starting flush of map output
2019-09-17 10:04:37,257  INFO [org.apache.hadoop.mapred.MapTask] - Spilling map output
2019-09-17 10:04:37,257  INFO [org.apache.hadoop.mapred.MapTask] - bufstart = 0; bufend = 14987889; bufvoid = 104857600
2019-09-17 10:04:37,257  INFO [org.apache.hadoop.mapred.MapTask] - kvstart = 26214396(104857584); kvend = 24264656(97058624); length = 1949741/6553600
2019-09-17 10:04:37,569  INFO [org.apache.hadoop.mapreduce.Job] -  map 50% reduce 0%
2019-09-17 10:04:37,748  INFO [org.apache.hadoop.mapred.MapTask] - Finished spill 0
2019-09-17 10:04:37,909  INFO [org.apache.hadoop.mapred.Task] - Task:attempt_local1141564770_0001_m_000001_0 is done. And is in the process of committing
2019-09-17 10:04:37,913  INFO [org.apache.hadoop.mapred.LocalJobRunner] - map
2019-09-17 10:04:37,913  INFO [org.apache.hadoop.mapred.Task] - Task 'attempt_local1141564770_0001_m_000001_0' done.
2019-09-17 10:04:37,914  INFO [org.apache.hadoop.mapred.Task] - Final Counters for attempt_local1141564770_0001_m_000001_0: Counters: 17
	File System Counters
		FILE: Number of bytes read=65607165
		FILE: Number of bytes written=32737975
		FILE: Number of read operations=0
		FILE: Number of large read operations=0
		FILE: Number of write operations=0
	Map-Reduce Framework
		Map input records=487436
		Map output records=487436
		Map output bytes=14987889
		Map output materialized bytes=15962767
		Input split bytes=85
		Combine input records=0
		Spilled Records=487436
		Failed Shuffles=0
		Merged Map outputs=0
		GC time elapsed (ms)=7
		Total committed heap usage (bytes)=312475648
	File Input Format Counters 
		Bytes Read=32048203
2019-09-17 10:04:37,914  INFO [org.apache.hadoop.mapred.LocalJobRunner] - Finishing task: attempt_local1141564770_0001_m_000001_0
2019-09-17 10:04:37,914  INFO [org.apache.hadoop.mapred.LocalJobRunner] - map task executor complete.
2019-09-17 10:04:37,941  INFO [org.apache.hadoop.mapred.LocalJobRunner] - Waiting for reduce tasks
2019-09-17 10:04:37,941  INFO [org.apache.hadoop.mapred.LocalJobRunner] - Starting task: attempt_local1141564770_0001_r_000000_0
2019-09-17 10:04:37,950  INFO [org.apache.hadoop.mapreduce.lib.output.FileOutputCommitter] - File Output Committer Algorithm version is 1
2019-09-17 10:04:37,951  INFO [org.apache.hadoop.yarn.util.ProcfsBasedProcessTree] - ProcfsBasedProcessTree currently is supported only on Linux.
2019-09-17 10:04:38,320  INFO [org.apache.hadoop.mapred.Task] -  Using ResourceCalculatorProcessTree : org.apache.hadoop.yarn.util.WindowsBasedProcessTree@74d99b08
2019-09-17 10:04:38,347  INFO [org.apache.hadoop.mapred.ReduceTask] - Using ShuffleConsumerPlugin: org.apache.hadoop.mapreduce.task.reduce.Shuffle@48e97f26
2019-09-17 10:04:38,405  INFO [org.apache.hadoop.mapreduce.task.reduce.MergeManagerImpl] - MergerManager: memoryLimit=726663168, maxSingleShuffleLimit=181665792, mergeThreshold=479597696, ioSortFactor=10, memToMemMergeOutputsThreshold=10
2019-09-17 10:04:38,407  INFO [org.apache.hadoop.mapreduce.task.reduce.EventFetcher] - attempt_local1141564770_0001_r_000000_0 Thread started: EventFetcher for fetching Map Completion Events
2019-09-17 10:04:38,452  WARN [org.apache.hadoop.conf.Configuration] - Unexpected tag in conf file hdfs-site.xml: expected <property> but found <value>
2019-09-17 10:04:38,472  INFO [org.apache.hadoop.mapreduce.task.reduce.LocalFetcher] - localfetcher#1 about to shuffle output of map attempt_local1141564770_0001_m_000001_0 decomp: 15962763 len: 15962767 to MEMORY
2019-09-17 10:04:38,525  INFO [org.apache.hadoop.mapreduce.task.reduce.InMemoryMapOutput] - Read 15962763 bytes from map-output for attempt_local1141564770_0001_m_000001_0
2019-09-17 10:04:38,529  INFO [org.apache.hadoop.mapreduce.task.reduce.MergeManagerImpl] - closeInMemoryFile -> map-output of size: 15962763, inMemoryMapOutputs.size() -> 1, commitMemory -> 0, usedMemory ->15962763
2019-09-17 10:04:38,572  INFO [org.apache.hadoop.mapreduce.Job] -  map 100% reduce 0%
2019-09-17 10:04:38,582  INFO [org.apache.hadoop.mapreduce.task.reduce.LocalFetcher] - localfetcher#1 about to shuffle output of map attempt_local1141564770_0001_m_000000_0 decomp: 16464225 len: 16464229 to MEMORY
2019-09-17 10:04:39,222  INFO [org.apache.hadoop.mapreduce.task.reduce.InMemoryMapOutput] - Read 16464225 bytes from map-output for attempt_local1141564770_0001_m_000000_0
2019-09-17 10:04:39,224  INFO [org.apache.hadoop.mapreduce.task.reduce.MergeManagerImpl] - closeInMemoryFile -> map-output of size: 16464225, inMemoryMapOutputs.size() -> 2, commitMemory -> 15962763, usedMemory ->32426988
2019-09-17 10:04:39,237  INFO [org.apache.hadoop.mapreduce.task.reduce.EventFetcher] - EventFetcher is interrupted.. Returning
2019-09-17 10:04:39,238  INFO [org.apache.hadoop.mapred.LocalJobRunner] - 2 / 2 copied.
2019-09-17 10:04:39,238  INFO [org.apache.hadoop.mapreduce.task.reduce.MergeManagerImpl] - finalMerge called with 2 in-memory map-outputs and 0 on-disk map-outputs
2019-09-17 10:04:40,480  INFO [org.apache.hadoop.mapred.Merger] - Merging 2 sorted segments
2019-09-17 10:04:40,492  INFO [org.apache.hadoop.mapred.Merger] - Down to the last merge-pass, with 2 segments left of total size: 32426977 bytes
2019-09-17 10:04:42,776  INFO [org.apache.hadoop.mapreduce.task.reduce.MergeManagerImpl] - Merged 2 segments, 32426988 bytes to disk to satisfy reduce memory limit
2019-09-17 10:04:42,982  INFO [org.apache.hadoop.mapreduce.task.reduce.MergeManagerImpl] - Merging 1 files, 32426990 bytes from disk
2019-09-17 10:04:42,982  INFO [org.apache.hadoop.mapreduce.task.reduce.MergeManagerImpl] - Merging 0 segments, 0 bytes from memory into reduce
2019-09-17 10:04:42,982  INFO [org.apache.hadoop.mapred.Merger] - Merging 1 sorted segments
2019-09-17 10:04:42,983  INFO [org.apache.hadoop.mapred.Merger] - Down to the last merge-pass, with 1 segments left of total size: 32426982 bytes
2019-09-17 10:04:42,984  INFO [org.apache.hadoop.mapred.LocalJobRunner] - 2 / 2 copied.
2019-09-17 10:04:43,197  INFO [org.apache.hadoop.conf.Configuration.deprecation] - mapred.skip.on is deprecated. Instead, use mapreduce.job.skiprecords
2019-09-17 10:04:43,954  INFO [org.apache.hadoop.mapred.LocalJobRunner] - reduce > reduce
2019-09-17 10:04:44,673  INFO [org.apache.hadoop.mapreduce.Job] -  map 100% reduce 73%
2019-09-17 10:04:45,064  INFO [org.apache.hadoop.mapred.Task] - Task:attempt_local1141564770_0001_r_000000_0 is done. And is in the process of committing
2019-09-17 10:04:45,065  INFO [org.apache.hadoop.mapred.LocalJobRunner] - reduce > reduce
2019-09-17 10:04:45,066  INFO [org.apache.hadoop.mapred.Task] - Task attempt_local1141564770_0001_r_000000_0 is allowed to commit now
2019-09-17 10:04:45,067  INFO [org.apache.hadoop.mapreduce.lib.output.FileOutputCommitter] - Saved output of task 'attempt_local1141564770_0001_r_000000_0' to file:/D:/out/_temporary/0/task_local1141564770_0001_r_000000
2019-09-17 10:04:45,068  INFO [org.apache.hadoop.mapred.LocalJobRunner] - reduce > reduce
2019-09-17 10:04:45,068  INFO [org.apache.hadoop.mapred.Task] - Task 'attempt_local1141564770_0001_r_000000_0' done.
2019-09-17 10:04:45,068  INFO [org.apache.hadoop.mapred.Task] - Final Counters for attempt_local1141564770_0001_r_000000_0: Counters: 24
	File System Counters
		FILE: Number of bytes read=130461215
		FILE: Number of bytes written=65373266
		FILE: Number of read operations=0
		FILE: Number of large read operations=0
		FILE: Number of write operations=0
	Map-Reduce Framework
		Combine input records=0
		Combine output records=0
		Reduce input groups=6040
		Reduce shuffle bytes=32426996
		Reduce input records=1000208
		Reduce output records=18120
		Spilled Records=1000208
		Shuffled Maps =2
		Failed Shuffles=0
		Merged Map outputs=2
		GC time elapsed (ms)=5
		Total committed heap usage (bytes)=312475648
	Shuffle Errors
		BAD_ID=0
		CONNECTION=0
		IO_ERROR=0
		WRONG_LENGTH=0
		WRONG_MAP=0
		WRONG_REDUCE=0
	File Output Format Counters 
		Bytes Written=208301
2019-09-17 10:04:45,069  INFO [org.apache.hadoop.mapred.LocalJobRunner] - Finishing task: attempt_local1141564770_0001_r_000000_0
2019-09-17 10:04:45,069  INFO [org.apache.hadoop.mapred.LocalJobRunner] - reduce task executor complete.
2019-09-17 10:04:45,200  WARN [org.apache.hadoop.conf.Configuration] - Unexpected tag in conf file hdfs-site.xml: expected <property> but found <value>
2019-09-17 10:04:45,673  INFO [org.apache.hadoop.mapreduce.Job] -  map 100% reduce 100%
2019-09-17 10:04:45,673  INFO [org.apache.hadoop.mapreduce.Job] - Job job_local1141564770_0001 completed successfully
2019-09-17 10:04:45,689  INFO [org.apache.hadoop.mapreduce.Job] - Counters: 30
	File System Counters
		FILE: Number of bytes read=229627153
		FILE: Number of bytes written=114886417
		FILE: Number of read operations=0
		FILE: Number of large read operations=0
		FILE: Number of write operations=0
	Map-Reduce Framework
		Map input records=1000208
		Map output records=1000208
		Map output bytes=30426568
		Map output materialized bytes=32426996
		Input split bytes=170
		Combine input records=0
		Combine output records=0
		Reduce input groups=6040
		Reduce shuffle bytes=32426996
		Reduce input records=1000208
		Reduce output records=18120
		Spilled Records=2000416
		Shuffled Maps =2
		Failed Shuffles=0
		Merged Map outputs=2
		GC time elapsed (ms)=61
		Total committed heap usage (bytes)=831520768
	Shuffle Errors
		BAD_ID=0
		CONNECTION=0
		IO_ERROR=0
		WRONG_LENGTH=0
		WRONG_MAP=0
		WRONG_REDUCE=0
	File Input Format Counters 
		Bytes Read=65606731
	File Output Format Counters 
		Bytes Written=208301
2019-10-24 22:00:48,246  WARN [org.apache.hadoop.conf.Configuration] - Unexpected tag in conf file hdfs-site.xml: expected <property> but found <value>
2019-10-24 22:00:48,346  WARN [org.apache.hadoop.conf.Configuration] - Unexpected tag in conf file hdfs-site.xml: expected <property> but found <value>
2019-10-24 22:00:48,562  WARN [org.apache.hadoop.conf.Configuration] - Unexpected tag in conf file hdfs-site.xml: expected <property> but found <value>
2019-10-24 22:00:48,700  WARN [org.apache.hadoop.conf.Configuration] - Unexpected tag in conf file hdfs-site.xml: expected <property> but found <value>
2019-10-24 22:00:49,924  WARN [org.apache.hadoop.conf.Configuration] - Unexpected tag in conf file hdfs-site.xml: expected <property> but found <value>
2019-10-24 22:00:50,126  WARN [org.apache.hadoop.conf.Configuration] - Unexpected tag in conf file hdfs-site.xml: expected <property> but found <value>
2019-10-24 22:04:54,386  WARN [org.apache.hadoop.conf.Configuration] - Unexpected tag in conf file hdfs-site.xml: expected <property> but found <value>
2019-10-24 22:04:54,568  WARN [org.apache.hadoop.conf.Configuration] - Unexpected tag in conf file hdfs-site.xml: expected <property> but found <value>
2019-10-24 22:04:54,830  WARN [org.apache.hadoop.conf.Configuration] - Unexpected tag in conf file hdfs-site.xml: expected <property> but found <value>
2019-10-24 22:04:54,923  WARN [org.apache.hadoop.conf.Configuration] - Unexpected tag in conf file hdfs-site.xml: expected <property> but found <value>
2019-10-24 22:04:55,698  WARN [org.apache.hadoop.conf.Configuration] - Unexpected tag in conf file hdfs-site.xml: expected <property> but found <value>
2019-10-24 22:04:55,791  WARN [org.apache.hadoop.conf.Configuration] - Unexpected tag in conf file hdfs-site.xml: expected <property> but found <value>
2019-10-24 22:06:35,266  WARN [org.apache.hadoop.conf.Configuration] - Unexpected tag in conf file hdfs-site.xml: expected <property> but found <value>
2019-10-24 22:06:36,246  WARN [org.apache.hadoop.conf.Configuration] - Unexpected tag in conf file hdfs-site.xml: expected <property> but found <value>
2019-10-24 22:06:36,255  WARN [org.apache.hadoop.conf.Configuration] - Unexpected tag in conf file hdfs-site.xml: expected <property> but found <value>
2019-10-24 22:06:36,408  WARN [org.apache.hadoop.conf.Configuration] - Unexpected tag in conf file hdfs-site.xml: expected <property> but found <value>
2019-10-24 22:06:36,520  WARN [org.apache.hadoop.conf.Configuration] - Unexpected tag in conf file hdfs-site.xml: expected <property> but found <value>
2019-10-24 22:06:36,710  WARN [org.apache.hadoop.conf.Configuration] - Unexpected tag in conf file hdfs-site.xml: expected <property> but found <value>
2019-10-24 22:06:36,826  WARN [org.apache.hadoop.conf.Configuration] - Unexpected tag in conf file hdfs-site.xml: expected <property> but found <value>
