[druid] 2019-09-17 09:55:35,615 [main           ] WARN  ache.hadoop.conf.Configuration {1} - Unexpected tag in conf file hdfs-site.xml: expected <property> but found <value>
   [druid] 2019-09-17 09:55:37,229 [main           ] WARN  ache.hadoop.conf.Configuration {1} - Unexpected tag in conf file hdfs-site.xml: expected <property> but found <value>
   [druid] 2019-09-17 10:04:19,318 [main           ] WARN  ache.hadoop.conf.Configuration {1} - Unexpected tag in conf file hdfs-site.xml: expected <property> but found <value>
   [druid] 2019-09-17 10:04:19,468 [main           ] WARN  ache.hadoop.conf.Configuration {1} - Unexpected tag in conf file hdfs-site.xml: expected <property> but found <value>
   [druid] 2019-09-17 10:04:19,517 [main           ] INFO  conf.Configuration.deprecation {1} - session.id is deprecated. Instead, use dfs.metrics.session-id
   [druid] 2019-09-17 10:04:19,518 [main           ] INFO  .hadoop.metrics.jvm.JvmMetrics {1} - Initializing JVM Metrics with processName=JobTracker, sessionId=
   [druid] 2019-09-17 10:04:21,149 [main           ] WARN  .mapreduce.JobResourceUploader {1} - Hadoop command-line option parsing not performed. Implement the Tool interface and execute your application with ToolRunner to remedy this.
   [druid] 2019-09-17 10:04:21,431 [main           ] WARN  ache.hadoop.conf.Configuration {1} - Unexpected tag in conf file hdfs-site.xml: expected <property> but found <value>
   [druid] 2019-09-17 10:04:21,435 [main           ] WARN  .mapreduce.JobResourceUploader {1} - No job jar file set.  User classes may not be found. See Job or Job#setJar(String).
   [druid] 2019-09-17 10:04:21,470 [main           ] INFO  duce.lib.input.FileInputFormat {1} - Total input paths to process : 1
   [druid] 2019-09-17 10:04:21,593 [main           ] INFO  .hadoop.mapreduce.JobSubmitter {1} - number of splits:2
   [druid] 2019-09-17 10:04:22,322 [main           ] INFO  .hadoop.mapreduce.JobSubmitter {1} - Submitting tokens for job: job_local1141564770_0001
   [druid] 2019-09-17 10:04:22,386 [main           ] WARN  ache.hadoop.conf.Configuration {1} - Unexpected tag in conf file hdfs-site.xml: expected <property> but found <value>
   [druid] 2019-09-17 10:04:22,520 [main           ] WARN  ache.hadoop.conf.Configuration {1} - Unexpected tag in conf file hdfs-site.xml: expected <property> but found <value>
   [druid] 2019-09-17 10:04:22,726 [main           ] WARN  ache.hadoop.conf.Configuration {1} - Unexpected tag in conf file hdfs-site.xml: expected <property> but found <value>
   [druid] 2019-09-17 10:04:22,767 [main           ] INFO  rg.apache.hadoop.mapreduce.Job {1} - The url to track the job: http://localhost:8080/
   [druid] 2019-09-17 10:04:22,768 [main           ] INFO  rg.apache.hadoop.mapreduce.Job {1} - Running job: job_local1141564770_0001
   [druid] 2019-09-17 10:04:22,775 [Thread-2       ] INFO  e.hadoop.mapred.LocalJobRunner {1} - OutputCommitter set in config null
   [druid] 2019-09-17 10:04:22,783 [Thread-2       ] INFO  lib.output.FileOutputCommitter {1} - File Output Committer Algorithm version is 1
   [druid] 2019-09-17 10:04:22,784 [Thread-2       ] INFO  e.hadoop.mapred.LocalJobRunner {1} - OutputCommitter is org.apache.hadoop.mapreduce.lib.output.FileOutputCommitter
   [druid] 2019-09-17 10:04:22,966 [Thread-2       ] WARN  ache.hadoop.conf.Configuration {1} - Unexpected tag in conf file hdfs-site.xml: expected <property> but found <value>
   [druid] 2019-09-17 10:04:22,995 [Thread-2       ] INFO  e.hadoop.mapred.LocalJobRunner {1} - Waiting for map tasks
   [druid] 2019-09-17 10:04:22,997 [ask Executor #0] INFO  e.hadoop.mapred.LocalJobRunner {1} - Starting task: attempt_local1141564770_0001_m_000000_0
   [druid] 2019-09-17 10:04:23,128 [ask Executor #0] INFO  lib.output.FileOutputCommitter {1} - File Output Committer Algorithm version is 1
   [druid] 2019-09-17 10:04:23,141 [ask Executor #0] INFO  rn.util.ProcfsBasedProcessTree {1} - ProcfsBasedProcessTree currently is supported only on Linux.
   [druid] 2019-09-17 10:04:23,771 [main           ] INFO  rg.apache.hadoop.mapreduce.Job {1} - Job job_local1141564770_0001 running in uber mode : false
   [druid] 2019-09-17 10:04:24,446 [main           ] INFO  rg.apache.hadoop.mapreduce.Job {1} -  map 0% reduce 0%
   [druid] 2019-09-17 10:04:28,364 [ask Executor #0] INFO  org.apache.hadoop.mapred.Task  {1} -  Using ResourceCalculatorProcessTree : org.apache.hadoop.yarn.util.WindowsBasedProcessTree@42d7d860
   [druid] 2019-09-17 10:04:28,371 [ask Executor #0] INFO  g.apache.hadoop.mapred.MapTask {1} - Processing split: file:/D:/rating.json:0+33554432
   [druid] 2019-09-17 10:04:28,467 [ask Executor #0] INFO  g.apache.hadoop.mapred.MapTask {1} - (EQUATOR) 0 kvi 26214396(104857584)
   [druid] 2019-09-17 10:04:28,467 [ask Executor #0] INFO  g.apache.hadoop.mapred.MapTask {1} - mapreduce.task.io.sort.mb: 100
   [druid] 2019-09-17 10:04:28,467 [ask Executor #0] INFO  g.apache.hadoop.mapred.MapTask {1} - soft limit at 83886080
   [druid] 2019-09-17 10:04:28,467 [ask Executor #0] INFO  g.apache.hadoop.mapred.MapTask {1} - bufstart = 0; bufvoid = 104857600
   [druid] 2019-09-17 10:04:28,467 [ask Executor #0] INFO  g.apache.hadoop.mapred.MapTask {1} - kvstart = 26214396; length = 6553600
   [druid] 2019-09-17 10:04:28,615 [ask Executor #0] INFO  g.apache.hadoop.mapred.MapTask {1} - Map output collector class = org.apache.hadoop.mapred.MapTask$MapOutputBuffer
   [druid] 2019-09-17 10:04:31,373 [ask Executor #0] INFO  e.hadoop.mapred.LocalJobRunner {1} - 
   [druid] 2019-09-17 10:04:31,373 [ask Executor #0] INFO  g.apache.hadoop.mapred.MapTask {1} - Starting flush of map output
   [druid] 2019-09-17 10:04:31,373 [ask Executor #0] INFO  g.apache.hadoop.mapred.MapTask {1} - Spilling map output
   [druid] 2019-09-17 10:04:31,373 [ask Executor #0] INFO  g.apache.hadoop.mapred.MapTask {1} - bufstart = 0; bufend = 15438679; bufvoid = 104857600
   [druid] 2019-09-17 10:04:31,373 [ask Executor #0] INFO  g.apache.hadoop.mapred.MapTask {1} - kvstart = 26214396(104857584); kvend = 24163312(96653248); length = 2051085/6553600
   [druid] 2019-09-17 10:04:32,458 [ask Executor #0] INFO  g.apache.hadoop.mapred.MapTask {1} - Finished spill 0
   [druid] 2019-09-17 10:04:32,469 [ask Executor #0] INFO  org.apache.hadoop.mapred.Task  {1} - Task:attempt_local1141564770_0001_m_000000_0 is done. And is in the process of committing
   [druid] 2019-09-17 10:04:32,527 [ask Executor #0] INFO  e.hadoop.mapred.LocalJobRunner {1} - map
   [druid] 2019-09-17 10:04:32,527 [ask Executor #0] INFO  org.apache.hadoop.mapred.Task  {1} - Task 'attempt_local1141564770_0001_m_000000_0' done.
   [druid] 2019-09-17 10:04:32,530 [ask Executor #0] INFO  org.apache.hadoop.mapred.Task  {1} - Final Counters for attempt_local1141564770_0001_m_000000_0: Counters: 17
	File System Counters
		FILE: Number of bytes read=33558773
		FILE: Number of bytes written=16775176
		FILE: Number of read operations=0
		FILE: Number of large read operations=0
		FILE: Number of write operations=0
	Map-Reduce Framework
		Map input records=512772
		Map output records=512772
		Map output bytes=15438679
		Map output materialized bytes=16464229
		Input split bytes=85
		Combine input records=0
		Spilled Records=512772
		Failed Shuffles=0
		Merged Map outputs=0
		GC time elapsed (ms)=49
		Total committed heap usage (bytes)=206569472
	File Input Format Counters 
		Bytes Read=33558528
   [druid] 2019-09-17 10:04:32,530 [ask Executor #0] INFO  e.hadoop.mapred.LocalJobRunner {1} - Finishing task: attempt_local1141564770_0001_m_000000_0
   [druid] 2019-09-17 10:04:32,531 [ask Executor #0] INFO  e.hadoop.mapred.LocalJobRunner {1} - Starting task: attempt_local1141564770_0001_m_000001_0
   [druid] 2019-09-17 10:04:32,535 [ask Executor #0] INFO  lib.output.FileOutputCommitter {1} - File Output Committer Algorithm version is 1
   [druid] 2019-09-17 10:04:32,538 [ask Executor #0] INFO  rn.util.ProcfsBasedProcessTree {1} - ProcfsBasedProcessTree currently is supported only on Linux.
   [druid] 2019-09-17 10:04:33,334 [ask Executor #0] INFO  org.apache.hadoop.mapred.Task  {1} -  Using ResourceCalculatorProcessTree : org.apache.hadoop.yarn.util.WindowsBasedProcessTree@75c5f34a
   [druid] 2019-09-17 10:04:33,337 [ask Executor #0] INFO  g.apache.hadoop.mapred.MapTask {1} - Processing split: file:/D:/rating.json:33554432+32048203
   [druid] 2019-09-17 10:04:33,421 [ask Executor #0] INFO  g.apache.hadoop.mapred.MapTask {1} - (EQUATOR) 0 kvi 26214396(104857584)
   [druid] 2019-09-17 10:04:33,421 [ask Executor #0] INFO  g.apache.hadoop.mapred.MapTask {1} - mapreduce.task.io.sort.mb: 100
   [druid] 2019-09-17 10:04:33,421 [ask Executor #0] INFO  g.apache.hadoop.mapred.MapTask {1} - soft limit at 83886080
   [druid] 2019-09-17 10:04:33,421 [ask Executor #0] INFO  g.apache.hadoop.mapred.MapTask {1} - bufstart = 0; bufvoid = 104857600
   [druid] 2019-09-17 10:04:33,421 [ask Executor #0] INFO  g.apache.hadoop.mapred.MapTask {1} - kvstart = 26214396; length = 6553600
   [druid] 2019-09-17 10:04:33,422 [ask Executor #0] INFO  g.apache.hadoop.mapred.MapTask {1} - Map output collector class = org.apache.hadoop.mapred.MapTask$MapOutputBuffer
   [druid] 2019-09-17 10:04:33,567 [main           ] INFO  rg.apache.hadoop.mapreduce.Job {1} -  map 100% reduce 0%
   [druid] 2019-09-17 10:04:37,257 [ask Executor #0] INFO  e.hadoop.mapred.LocalJobRunner {1} - 
   [druid] 2019-09-17 10:04:37,257 [ask Executor #0] INFO  g.apache.hadoop.mapred.MapTask {1} - Starting flush of map output
   [druid] 2019-09-17 10:04:37,257 [ask Executor #0] INFO  g.apache.hadoop.mapred.MapTask {1} - Spilling map output
   [druid] 2019-09-17 10:04:37,257 [ask Executor #0] INFO  g.apache.hadoop.mapred.MapTask {1} - bufstart = 0; bufend = 14987889; bufvoid = 104857600
   [druid] 2019-09-17 10:04:37,257 [ask Executor #0] INFO  g.apache.hadoop.mapred.MapTask {1} - kvstart = 26214396(104857584); kvend = 24264656(97058624); length = 1949741/6553600
   [druid] 2019-09-17 10:04:37,569 [main           ] INFO  rg.apache.hadoop.mapreduce.Job {1} -  map 50% reduce 0%
   [druid] 2019-09-17 10:04:37,748 [ask Executor #0] INFO  g.apache.hadoop.mapred.MapTask {1} - Finished spill 0
   [druid] 2019-09-17 10:04:37,909 [ask Executor #0] INFO  org.apache.hadoop.mapred.Task  {1} - Task:attempt_local1141564770_0001_m_000001_0 is done. And is in the process of committing
   [druid] 2019-09-17 10:04:37,913 [ask Executor #0] INFO  e.hadoop.mapred.LocalJobRunner {1} - map
   [druid] 2019-09-17 10:04:37,913 [ask Executor #0] INFO  org.apache.hadoop.mapred.Task  {1} - Task 'attempt_local1141564770_0001_m_000001_0' done.
   [druid] 2019-09-17 10:04:37,914 [ask Executor #0] INFO  org.apache.hadoop.mapred.Task  {1} - Final Counters for attempt_local1141564770_0001_m_000001_0: Counters: 17
	File System Counters
		FILE: Number of bytes read=65607165
		FILE: Number of bytes written=32737975
		FILE: Number of read operations=0
		FILE: Number of large read operations=0
		FILE: Number of write operations=0
	Map-Reduce Framework
		Map input records=487436
		Map output records=487436
		Map output bytes=14987889
		Map output materialized bytes=15962767
		Input split bytes=85
		Combine input records=0
		Spilled Records=487436
		Failed Shuffles=0
		Merged Map outputs=0
		GC time elapsed (ms)=7
		Total committed heap usage (bytes)=312475648
	File Input Format Counters 
		Bytes Read=32048203
   [druid] 2019-09-17 10:04:37,914 [ask Executor #0] INFO  e.hadoop.mapred.LocalJobRunner {1} - Finishing task: attempt_local1141564770_0001_m_000001_0
   [druid] 2019-09-17 10:04:37,914 [Thread-2       ] INFO  e.hadoop.mapred.LocalJobRunner {1} - map task executor complete.
   [druid] 2019-09-17 10:04:37,941 [Thread-2       ] INFO  e.hadoop.mapred.LocalJobRunner {1} - Waiting for reduce tasks
   [druid] 2019-09-17 10:04:37,941 [pool-3-thread-1] INFO  e.hadoop.mapred.LocalJobRunner {1} - Starting task: attempt_local1141564770_0001_r_000000_0
   [druid] 2019-09-17 10:04:37,950 [pool-3-thread-1] INFO  lib.output.FileOutputCommitter {1} - File Output Committer Algorithm version is 1
   [druid] 2019-09-17 10:04:37,951 [pool-3-thread-1] INFO  rn.util.ProcfsBasedProcessTree {1} - ProcfsBasedProcessTree currently is supported only on Linux.
   [druid] 2019-09-17 10:04:38,320 [pool-3-thread-1] INFO  org.apache.hadoop.mapred.Task  {1} -  Using ResourceCalculatorProcessTree : org.apache.hadoop.yarn.util.WindowsBasedProcessTree@74d99b08
   [druid] 2019-09-17 10:04:38,347 [pool-3-thread-1] INFO  pache.hadoop.mapred.ReduceTask {1} - Using ShuffleConsumerPlugin: org.apache.hadoop.mapreduce.task.reduce.Shuffle@48e97f26
   [druid] 2019-09-17 10:04:38,405 [pool-3-thread-1] INFO  e.task.reduce.MergeManagerImpl {1} - MergerManager: memoryLimit=726663168, maxSingleShuffleLimit=181665792, mergeThreshold=479597696, ioSortFactor=10, memToMemMergeOutputsThreshold=10
   [druid] 2019-09-17 10:04:38,407 [mpletion Events] INFO  educe.task.reduce.EventFetcher {1} - attempt_local1141564770_0001_r_000000_0 Thread started: EventFetcher for fetching Map Completion Events
   [druid] 2019-09-17 10:04:38,452 [localfetcher#1 ] WARN  ache.hadoop.conf.Configuration {1} - Unexpected tag in conf file hdfs-site.xml: expected <property> but found <value>
   [druid] 2019-09-17 10:04:38,472 [localfetcher#1 ] INFO  educe.task.reduce.LocalFetcher {1} - localfetcher#1 about to shuffle output of map attempt_local1141564770_0001_m_000001_0 decomp: 15962763 len: 15962767 to MEMORY
   [druid] 2019-09-17 10:04:38,525 [localfetcher#1 ] INFO  .task.reduce.InMemoryMapOutput {1} - Read 15962763 bytes from map-output for attempt_local1141564770_0001_m_000001_0
   [druid] 2019-09-17 10:04:38,529 [localfetcher#1 ] INFO  e.task.reduce.MergeManagerImpl {1} - closeInMemoryFile -> map-output of size: 15962763, inMemoryMapOutputs.size() -> 1, commitMemory -> 0, usedMemory ->15962763
   [druid] 2019-09-17 10:04:38,572 [main           ] INFO  rg.apache.hadoop.mapreduce.Job {1} -  map 100% reduce 0%
   [druid] 2019-09-17 10:04:38,582 [localfetcher#1 ] INFO  educe.task.reduce.LocalFetcher {1} - localfetcher#1 about to shuffle output of map attempt_local1141564770_0001_m_000000_0 decomp: 16464225 len: 16464229 to MEMORY
   [druid] 2019-09-17 10:04:39,222 [localfetcher#1 ] INFO  .task.reduce.InMemoryMapOutput {1} - Read 16464225 bytes from map-output for attempt_local1141564770_0001_m_000000_0
   [druid] 2019-09-17 10:04:39,224 [localfetcher#1 ] INFO  e.task.reduce.MergeManagerImpl {1} - closeInMemoryFile -> map-output of size: 16464225, inMemoryMapOutputs.size() -> 2, commitMemory -> 15962763, usedMemory ->32426988
   [druid] 2019-09-17 10:04:39,237 [mpletion Events] INFO  educe.task.reduce.EventFetcher {1} - EventFetcher is interrupted.. Returning
   [druid] 2019-09-17 10:04:39,238 [pool-3-thread-1] INFO  e.hadoop.mapred.LocalJobRunner {1} - 2 / 2 copied.
   [druid] 2019-09-17 10:04:39,238 [pool-3-thread-1] INFO  e.task.reduce.MergeManagerImpl {1} - finalMerge called with 2 in-memory map-outputs and 0 on-disk map-outputs
   [druid] 2019-09-17 10:04:40,480 [pool-3-thread-1] INFO  rg.apache.hadoop.mapred.Merger {1} - Merging 2 sorted segments
   [druid] 2019-09-17 10:04:40,492 [pool-3-thread-1] INFO  rg.apache.hadoop.mapred.Merger {1} - Down to the last merge-pass, with 2 segments left of total size: 32426977 bytes
   [druid] 2019-09-17 10:04:42,776 [pool-3-thread-1] INFO  e.task.reduce.MergeManagerImpl {1} - Merged 2 segments, 32426988 bytes to disk to satisfy reduce memory limit
   [druid] 2019-09-17 10:04:42,982 [pool-3-thread-1] INFO  e.task.reduce.MergeManagerImpl {1} - Merging 1 files, 32426990 bytes from disk
   [druid] 2019-09-17 10:04:42,982 [pool-3-thread-1] INFO  e.task.reduce.MergeManagerImpl {1} - Merging 0 segments, 0 bytes from memory into reduce
   [druid] 2019-09-17 10:04:42,982 [pool-3-thread-1] INFO  rg.apache.hadoop.mapred.Merger {1} - Merging 1 sorted segments
   [druid] 2019-09-17 10:04:42,983 [pool-3-thread-1] INFO  rg.apache.hadoop.mapred.Merger {1} - Down to the last merge-pass, with 1 segments left of total size: 32426982 bytes
   [druid] 2019-09-17 10:04:42,984 [pool-3-thread-1] INFO  e.hadoop.mapred.LocalJobRunner {1} - 2 / 2 copied.
   [druid] 2019-09-17 10:04:43,197 [pool-3-thread-1] INFO  conf.Configuration.deprecation {1} - mapred.skip.on is deprecated. Instead, use mapreduce.job.skiprecords
   [druid] 2019-09-17 10:04:43,954 [nication thread] INFO  e.hadoop.mapred.LocalJobRunner {1} - reduce > reduce
   [druid] 2019-09-17 10:04:44,673 [main           ] INFO  rg.apache.hadoop.mapreduce.Job {1} -  map 100% reduce 73%
   [druid] 2019-09-17 10:04:45,064 [pool-3-thread-1] INFO  org.apache.hadoop.mapred.Task  {1} - Task:attempt_local1141564770_0001_r_000000_0 is done. And is in the process of committing
   [druid] 2019-09-17 10:04:45,065 [pool-3-thread-1] INFO  e.hadoop.mapred.LocalJobRunner {1} - reduce > reduce
   [druid] 2019-09-17 10:04:45,066 [pool-3-thread-1] INFO  org.apache.hadoop.mapred.Task  {1} - Task attempt_local1141564770_0001_r_000000_0 is allowed to commit now
   [druid] 2019-09-17 10:04:45,067 [pool-3-thread-1] INFO  lib.output.FileOutputCommitter {1} - Saved output of task 'attempt_local1141564770_0001_r_000000_0' to file:/D:/out/_temporary/0/task_local1141564770_0001_r_000000
   [druid] 2019-09-17 10:04:45,068 [pool-3-thread-1] INFO  e.hadoop.mapred.LocalJobRunner {1} - reduce > reduce
   [druid] 2019-09-17 10:04:45,068 [pool-3-thread-1] INFO  org.apache.hadoop.mapred.Task  {1} - Task 'attempt_local1141564770_0001_r_000000_0' done.
   [druid] 2019-09-17 10:04:45,068 [pool-3-thread-1] INFO  org.apache.hadoop.mapred.Task  {1} - Final Counters for attempt_local1141564770_0001_r_000000_0: Counters: 24
	File System Counters
		FILE: Number of bytes read=130461215
		FILE: Number of bytes written=65373266
		FILE: Number of read operations=0
		FILE: Number of large read operations=0
		FILE: Number of write operations=0
	Map-Reduce Framework
		Combine input records=0
		Combine output records=0
		Reduce input groups=6040
		Reduce shuffle bytes=32426996
		Reduce input records=1000208
		Reduce output records=18120
		Spilled Records=1000208
		Shuffled Maps =2
		Failed Shuffles=0
		Merged Map outputs=2
		GC time elapsed (ms)=5
		Total committed heap usage (bytes)=312475648
	Shuffle Errors
		BAD_ID=0
		CONNECTION=0
		IO_ERROR=0
		WRONG_LENGTH=0
		WRONG_MAP=0
		WRONG_REDUCE=0
	File Output Format Counters 
		Bytes Written=208301
   [druid] 2019-09-17 10:04:45,069 [pool-3-thread-1] INFO  e.hadoop.mapred.LocalJobRunner {1} - Finishing task: attempt_local1141564770_0001_r_000000_0
   [druid] 2019-09-17 10:04:45,069 [Thread-2       ] INFO  e.hadoop.mapred.LocalJobRunner {1} - reduce task executor complete.
   [druid] 2019-09-17 10:04:45,200 [Thread-2       ] WARN  ache.hadoop.conf.Configuration {1} - Unexpected tag in conf file hdfs-site.xml: expected <property> but found <value>
   [druid] 2019-09-17 10:04:45,673 [main           ] INFO  rg.apache.hadoop.mapreduce.Job {1} -  map 100% reduce 100%
   [druid] 2019-09-17 10:04:45,673 [main           ] INFO  rg.apache.hadoop.mapreduce.Job {1} - Job job_local1141564770_0001 completed successfully
   [druid] 2019-09-17 10:04:45,689 [main           ] INFO  rg.apache.hadoop.mapreduce.Job {1} - Counters: 30
	File System Counters
		FILE: Number of bytes read=229627153
		FILE: Number of bytes written=114886417
		FILE: Number of read operations=0
		FILE: Number of large read operations=0
		FILE: Number of write operations=0
	Map-Reduce Framework
		Map input records=1000208
		Map output records=1000208
		Map output bytes=30426568
		Map output materialized bytes=32426996
		Input split bytes=170
		Combine input records=0
		Combine output records=0
		Reduce input groups=6040
		Reduce shuffle bytes=32426996
		Reduce input records=1000208
		Reduce output records=18120
		Spilled Records=2000416
		Shuffled Maps =2
		Failed Shuffles=0
		Merged Map outputs=2
		GC time elapsed (ms)=61
		Total committed heap usage (bytes)=831520768
	Shuffle Errors
		BAD_ID=0
		CONNECTION=0
		IO_ERROR=0
		WRONG_LENGTH=0
		WRONG_MAP=0
		WRONG_REDUCE=0
	File Input Format Counters 
		Bytes Read=65606731
	File Output Format Counters 
		Bytes Written=208301
   